<?xml version="1.0" encoding="UTF-8"?>
<testng-results ignored="0" total="1" passed="1" failed="0" skipped="0">
  <reporter-output>
  </reporter-output>
  <suite started-at="2024-05-03T08:01:05 CDT" name="Surefire suite" finished-at="2024-05-03T08:01:26 CDT" duration-ms="21014">
    <groups>
    </groups>
    <test started-at="2024-05-03T08:01:05 CDT" name="Surefire test" finished-at="2024-05-03T08:01:26 CDT" duration-ms="21014">
      <class name="driverFactory.AppTest">
        <test-method signature="kickStart()[pri:0, instance:driverFactory.AppTest@527e5409]" started-at="2024-05-03T08:01:05 CDT" name="kickStart" finished-at="2024-05-03T08:01:26 CDT" duration-ms="20967" status="PASS">
          <reporter-output>
          </reporter-output>
        </test-method> <!-- kickStart -->
      </class> <!-- driverFactory.AppTest -->
    </test> <!-- Surefire test -->
  </suite> <!-- Surefire suite -->
</testng-results>
