<?xml version="1.0" encoding="UTF-8"?>
<testng-results ignored="0" total="1" passed="1" failed="0" skipped="0">
  <reporter-output>
  </reporter-output>
  <suite started-at="2024-04-25T06:19:57 CDT" name="Default suite" finished-at="2024-04-25T06:20:16 CDT" duration-ms="18901">
    <groups>
    </groups>
    <test started-at="2024-04-25T06:19:57 CDT" name="Default test" finished-at="2024-04-25T06:20:16 CDT" duration-ms="18901">
      <class name="driverFactory.DriverScript">
        <test-method signature="startTest()[pri:0, instance:driverFactory.DriverScript@28f2a10f]" started-at="2024-04-25T06:19:57 CDT" name="startTest" finished-at="2024-04-25T06:20:16 CDT" duration-ms="18857" status="PASS">
          <reporter-output>
          </reporter-output>
        </test-method> <!-- startTest -->
      </class> <!-- driverFactory.DriverScript -->
    </test> <!-- Default test -->
  </suite> <!-- Default suite -->
</testng-results>
